<?xml version="1.0" encoding="UTF-8"?>
<testng-results ignored="0" total="5" passed="5" failed="0" skipped="0">
  <reporter-output>
  </reporter-output>
  <suite started-at="2025-06-19T22:52:44 IST" name="E2EcUCUMBERSuite" finished-at="2025-06-19T22:53:51 IST" duration-ms="66206">
    <groups>
      <group name="cucumber">
        <method signature="AbstractTestNGCucumberTests.runScenario(io.cucumber.testng.PickleWrapper,io.cucumber.testng.FeatureWrapper)[pri:0, instance:com.creatio.crm.application.runner.ApplicationTestRunner@2df3b89c]" name="runScenario" class="io.cucumber.testng.AbstractTestNGCucumberTests"/>
      </group> <!-- cucumber -->
    </groups>
    <test started-at="2025-06-19T22:52:44 IST" name="Test" finished-at="2025-06-19T22:53:51 IST" duration-ms="66206">
      <class name="com.creatio.crm.application.runner.ApplicationTestRunner">
        <test-method is-config="true" signature="setUpClass(org.testng.ITestContext)[pri:0, instance:com.creatio.crm.application.runner.ApplicationTestRunner@2df3b89c]" started-at="2025-06-19T22:52:45 IST" name="setUpClass" finished-at="2025-06-19T22:52:45 IST" duration-ms="816" status="PASS">
          <params>
            <param index="0">
              <value>
                <![CDATA[org.testng.TestRunner@55651434]]>
              </value>
            </param>
          </params>
          <reporter-output>
          </reporter-output>
        </test-method> <!-- setUpClass -->
        <test-method signature="runApplicationTests()[pri:0, instance:com.creatio.crm.application.runner.ApplicationTestRunner@2df3b89c]" started-at="2025-06-19T22:52:45 IST" name="runApplicationTests" finished-at="2025-06-19T22:52:45 IST" duration-ms="4" status="PASS">
          <reporter-output>
          </reporter-output>
        </test-method> <!-- runApplicationTests -->
        <test-method signature="runScenario(io.cucumber.testng.PickleWrapper,io.cucumber.testng.FeatureWrapper)[pri:0, instance:com.creatio.crm.application.runner.ApplicationTestRunner@2df3b89c]" started-at="2025-06-19T22:52:45 IST" name="runScenario" description="Runs Cucumber Scenarios" data-provider="scenarios" finished-at="2025-06-19T22:53:05 IST" duration-ms="19845" status="PASS">
          <params>
            <param index="0">
              <value>
                <![CDATA["Verify login with valid credentials"]]>
              </value>
            </param>
            <param index="1">
              <value>
                <![CDATA["Creatio Functionalities"]]>
              </value>
            </param>
          </params>
          <reporter-output>
          </reporter-output>
        </test-method> <!-- runScenario -->
        <test-method signature="runScenario(io.cucumber.testng.PickleWrapper,io.cucumber.testng.FeatureWrapper)[pri:0, instance:com.creatio.crm.application.runner.ApplicationTestRunner@2df3b89c]" started-at="2025-06-19T22:53:05 IST" name="runScenario" description="Runs Cucumber Scenarios" data-provider="scenarios" finished-at="2025-06-19T22:53:21 IST" duration-ms="15621" status="PASS">
          <params>
            <param index="0">
              <value>
                <![CDATA["Verify login with invalid credentials"]]>
              </value>
            </param>
            <param index="1">
              <value>
                <![CDATA["Creatio Functionalities"]]>
              </value>
            </param>
          </params>
          <reporter-output>
          </reporter-output>
        </test-method> <!-- runScenario -->
        <test-method signature="runScenario(io.cucumber.testng.PickleWrapper,io.cucumber.testng.FeatureWrapper)[pri:0, instance:com.creatio.crm.application.runner.ApplicationTestRunner@2df3b89c]" started-at="2025-06-19T22:53:21 IST" name="runScenario" description="Runs Cucumber Scenarios" data-provider="scenarios" finished-at="2025-06-19T22:53:36 IST" duration-ms="15568" status="PASS">
          <params>
            <param index="0">
              <value>
                <![CDATA["Verify Google login link and navigation"]]>
              </value>
            </param>
            <param index="1">
              <value>
                <![CDATA["Creatio Functionalities"]]>
              </value>
            </param>
          </params>
          <reporter-output>
          </reporter-output>
        </test-method> <!-- runScenario -->
        <test-method signature="runScenario(io.cucumber.testng.PickleWrapper,io.cucumber.testng.FeatureWrapper)[pri:0, instance:com.creatio.crm.application.runner.ApplicationTestRunner@2df3b89c]" started-at="2025-06-19T22:53:36 IST" name="runScenario" description="Runs Cucumber Scenarios" data-provider="scenarios" finished-at="2025-06-19T22:53:51 IST" duration-ms="14267" status="PASS">
          <params>
            <param index="0">
              <value>
                <![CDATA["Verify forgot login functionality"]]>
              </value>
            </param>
            <param index="1">
              <value>
                <![CDATA["Creatio Functionalities"]]>
              </value>
            </param>
          </params>
          <reporter-output>
          </reporter-output>
        </test-method> <!-- runScenario -->
        <test-method is-config="true" signature="tearDownClass()[pri:0, instance:com.creatio.crm.application.runner.ApplicationTestRunner@2df3b89c]" started-at="2025-06-19T22:53:51 IST" name="tearDownClass" finished-at="2025-06-19T22:53:51 IST" duration-ms="21" status="PASS">
          <reporter-output>
          </reporter-output>
        </test-method> <!-- tearDownClass -->
      </class> <!-- com.creatio.crm.application.runner.ApplicationTestRunner -->
    </test> <!-- Test -->
  </suite> <!-- E2EcUCUMBERSuite -->
</testng-results>
